<?xml version="1.0" encoding="UTF-8"?>
<!-- Generated by org.testng.reporters.JUnitReportReporter -->
<testsuite skipped="0" hostname="DESKTOP-HAC2EQ0" name="testCases.test" tests="1" failures="0" timestamp="2022-12-23T23:33:10 BDT" time="11.279" errors="0">
  <testcase name="test_por" time="11.279" classname="testCases.test"/>
  <system-out/>
</testsuite> <!-- testCases.test -->
